<?xml version="1.0" encoding="UTF-8"?>
<!-- Generated by org.testng.reporters.JUnitXMLReporter -->
<testsuite hostname="Sumeyras-MBP.home" ignored="0" name="Google Test" tests="4" failures="0" timestamp="11 Jan 2020 19:36:08 GMT" time="29.593" errors="0">
  <testcase name="googleTitleTest_4" time="17.18" classname="com.mytests.GoogleTest"/>
  <testcase name="googleTitleTest_2" time="16.39" classname="com.mytests.GoogleTest"/>
  <testcase name="googleTitleTest_1" time="15.507" classname="com.mytests.GoogleTest"/>
  <testcase name="googleTitleTest_3" time="14.659" classname="com.mytests.GoogleTest"/>
</testsuite> <!-- Google Test -->
