<?xml version="1.0" encoding="UTF-8"?>
<testng-results skipped="0" failed="0" ignored="0" total="6" passed="6">
  <reporter-output>
  </reporter-output>
  <suite name="Thread Local Test Sanity Suite" duration-ms="29593" started-at="2020-01-11T19:35:38Z" finished-at="2020-01-11T19:36:08Z">
    <groups>
    </groups>
    <test name="FaceBook Test" duration-ms="25750" started-at="2020-01-11T19:35:38Z" finished-at="2020-01-11T19:36:04Z">
      <class name="com.mytests.FaceBookTest">
        <test-method status="PASS" signature="setUp(java.lang.String)[pri:0, instance:com.mytests.FaceBookTest@271053e1]" name="setUp" is-config="true" duration-ms="6225" started-at="2020-01-11T19:35:38Z" finished-at="2020-01-11T19:35:44Z">
          <params>
            <param index="0">
              <value>
                <![CDATA[firefox]]>
              </value>
            </param>
          </params>
          <reporter-output>
          </reporter-output>
        </test-method> <!-- setUp -->
        <test-method status="PASS" signature="setUp(java.lang.String)[pri:0, instance:com.mytests.FaceBookTest@271053e1]" name="setUp" is-config="true" duration-ms="18644" started-at="2020-01-11T19:35:38Z" finished-at="2020-01-11T19:35:57Z">
          <params>
            <param index="0">
              <value>
                <![CDATA[firefox]]>
              </value>
            </param>
          </params>
          <reporter-output>
          </reporter-output>
        </test-method> <!-- setUp -->
        <test-method status="PASS" signature="facebookTitleTest_1()[pri:0, instance:com.mytests.FaceBookTest@271053e1]" name="facebookTitleTest_1" duration-ms="14045" started-at="2020-01-11T19:35:44Z" finished-at="2020-01-11T19:35:58Z">
          <reporter-output>
          </reporter-output>
        </test-method> <!-- facebookTitleTest_1 -->
        <test-method status="PASS" signature="facebookTitleTest_2()[pri:0, instance:com.mytests.FaceBookTest@271053e1]" name="facebookTitleTest_2" duration-ms="1598" started-at="2020-01-11T19:35:57Z" finished-at="2020-01-11T19:35:58Z">
          <reporter-output>
          </reporter-output>
        </test-method> <!-- facebookTitleTest_2 -->
        <test-method status="PASS" signature="tearDown()[pri:0, instance:com.mytests.FaceBookTest@271053e1]" name="tearDown" is-config="true" duration-ms="2849" started-at="2020-01-11T19:35:58Z" finished-at="2020-01-11T19:36:01Z">
          <reporter-output>
          </reporter-output>
        </test-method> <!-- tearDown -->
        <test-method status="PASS" signature="tearDown()[pri:0, instance:com.mytests.FaceBookTest@271053e1]" name="tearDown" is-config="true" duration-ms="5460" started-at="2020-01-11T19:35:58Z" finished-at="2020-01-11T19:36:04Z">
          <reporter-output>
          </reporter-output>
        </test-method> <!-- tearDown -->
      </class> <!-- com.mytests.FaceBookTest -->
    </test> <!-- FaceBook Test -->
    <test name="Google Test" duration-ms="29593" started-at="2020-01-11T19:35:38Z" finished-at="2020-01-11T19:36:08Z">
      <class name="com.mytests.GoogleTest">
        <test-method status="PASS" signature="setUp(java.lang.String)[pri:0, instance:com.mytests.GoogleTest@5e3a8624]" name="setUp" is-config="true" duration-ms="3177" started-at="2020-01-11T19:35:38Z" finished-at="2020-01-11T19:35:41Z">
          <params>
            <param index="0">
              <value>
                <![CDATA[chrome]]>
              </value>
            </param>
          </params>
          <reporter-output>
          </reporter-output>
        </test-method> <!-- setUp -->
        <test-method status="PASS" signature="setUp(java.lang.String)[pri:0, instance:com.mytests.GoogleTest@5e3a8624]" name="setUp" is-config="true" duration-ms="2294" started-at="2020-01-11T19:35:38Z" finished-at="2020-01-11T19:35:40Z">
          <params>
            <param index="0">
              <value>
                <![CDATA[chrome]]>
              </value>
            </param>
          </params>
          <reporter-output>
          </reporter-output>
        </test-method> <!-- setUp -->
        <test-method status="PASS" signature="setUp(java.lang.String)[pri:0, instance:com.mytests.GoogleTest@5e3a8624]" name="setUp" is-config="true" duration-ms="1504" started-at="2020-01-11T19:35:38Z" finished-at="2020-01-11T19:35:40Z">
          <params>
            <param index="0">
              <value>
                <![CDATA[chrome]]>
              </value>
            </param>
          </params>
          <reporter-output>
          </reporter-output>
        </test-method> <!-- setUp -->
        <test-method status="PASS" signature="setUp(java.lang.String)[pri:0, instance:com.mytests.GoogleTest@5e3a8624]" name="setUp" is-config="true" duration-ms="4025" started-at="2020-01-11T19:35:38Z" finished-at="2020-01-11T19:35:42Z">
          <params>
            <param index="0">
              <value>
                <![CDATA[chrome]]>
              </value>
            </param>
          </params>
          <reporter-output>
          </reporter-output>
        </test-method> <!-- setUp -->
        <test-method status="PASS" signature="googleTitleTest_4()[pri:0, instance:com.mytests.GoogleTest@5e3a8624]" name="googleTitleTest_4" duration-ms="17180" started-at="2020-01-11T19:35:40Z" finished-at="2020-01-11T19:35:57Z">
          <reporter-output>
          </reporter-output>
        </test-method> <!-- googleTitleTest_4 -->
        <test-method status="PASS" signature="googleTitleTest_2()[pri:0, instance:com.mytests.GoogleTest@5e3a8624]" name="googleTitleTest_2" duration-ms="16390" started-at="2020-01-11T19:35:40Z" finished-at="2020-01-11T19:35:57Z">
          <reporter-output>
          </reporter-output>
        </test-method> <!-- googleTitleTest_2 -->
        <test-method status="PASS" signature="googleTitleTest_1()[pri:0, instance:com.mytests.GoogleTest@5e3a8624]" name="googleTitleTest_1" duration-ms="15507" started-at="2020-01-11T19:35:41Z" finished-at="2020-01-11T19:35:57Z">
          <reporter-output>
          </reporter-output>
        </test-method> <!-- googleTitleTest_1 -->
        <test-method status="PASS" signature="googleTitleTest_3()[pri:0, instance:com.mytests.GoogleTest@5e3a8624]" name="googleTitleTest_3" duration-ms="14659" started-at="2020-01-11T19:35:42Z" finished-at="2020-01-11T19:35:57Z">
          <reporter-output>
          </reporter-output>
        </test-method> <!-- googleTitleTest_3 -->
        <test-method status="PASS" signature="tearDown()[pri:0, instance:com.mytests.GoogleTest@5e3a8624]" name="tearDown" is-config="true" duration-ms="2767" started-at="2020-01-11T19:35:57Z" finished-at="2020-01-11T19:36:00Z">
          <reporter-output>
          </reporter-output>
        </test-method> <!-- tearDown -->
        <test-method status="PASS" signature="tearDown()[pri:0, instance:com.mytests.GoogleTest@5e3a8624]" name="tearDown" is-config="true" duration-ms="10885" started-at="2020-01-11T19:35:57Z" finished-at="2020-01-11T19:36:08Z">
          <reporter-output>
          </reporter-output>
        </test-method> <!-- tearDown -->
        <test-method status="PASS" signature="tearDown()[pri:0, instance:com.mytests.GoogleTest@5e3a8624]" name="tearDown" is-config="true" duration-ms="8227" started-at="2020-01-11T19:35:57Z" finished-at="2020-01-11T19:36:05Z">
          <reporter-output>
          </reporter-output>
        </test-method> <!-- tearDown -->
        <test-method status="PASS" signature="tearDown()[pri:0, instance:com.mytests.GoogleTest@5e3a8624]" name="tearDown" is-config="true" duration-ms="5494" started-at="2020-01-11T19:35:57Z" finished-at="2020-01-11T19:36:02Z">
          <reporter-output>
          </reporter-output>
        </test-method> <!-- tearDown -->
      </class> <!-- com.mytests.GoogleTest -->
    </test> <!-- Google Test -->
  </suite> <!-- Thread Local Test Sanity Suite -->
</testng-results>
